<?xml version="1.0"?>
<testsuite name="Chrome 70.0.3538 (Mac OS X 10.12.6)" package="" timestamp="2018-11-21T04:46:49" id="0" hostname="bbaiju-a02.vmware.com" tests="15" errors="0" failures="3" time="0.988">
  <properties>
    <property name="browser.fullName" value="Mozilla/5.0 (Macintosh; Intel Mac OS X 10_12_6) AppleWebKit/537.36 (KHTML, like Gecko) Chrome/70.0.3538.102 Safari/537.36"/>
  </properties>
  <testcase name="AuthGuard should ..." time="0.05" classname="AuthGuard"/>
  <testcase name="AuthenticationService should be created" time="0.012" classname="AuthenticationService"/>
  <testcase name="ClassDataService should be created" time="0.012" classname="ClassDataService"/>
  <testcase name="LocalStorageService should be created" time="0.006" classname="LocalStorageService"/>
  <testcase name="AboutComponent should create" time="0.04" classname="AboutComponent"/>
  <testcase name="AppComponent should create the app" time="0.061" classname="AppComponent">
    <failure type="">  StaticInjectorError(Platform: core)[HttpClient]: 
    NullInjectorError: No provider for HttpClient!
Error: StaticInjectorError(DynamicTestModule)[HttpClient]: 
    at NullInjector.get (./node_modules/@angular/core/fesm5/core.js?:1360:19)
    at resolveToken (./node_modules/@angular/core/fesm5/core.js?:1598:24)
    at tryResolveToken (./node_modules/@angular/core/fesm5/core.js?:1542:16)
    at StaticInjector.get (./node_modules/@angular/core/fesm5/core.js?:1439:20)
    at resolveToken (./node_modules/@angular/core/fesm5/core.js?:1598:24)
    at tryResolveToken (./node_modules/@angular/core/fesm5/core.js?:1542:16)
    at StaticInjector.get (./node_modules/@angular/core/fesm5/core.js?:1439:20)
    at resolveNgModuleDep (./node_modules/@angular/core/fesm5/core.js?:8674:29)
    at NgModuleRef_.get (./node_modules/@angular/core/fesm5/core.js?:9362:16)
    at inject (./node_modules/@angular/core/fesm5/core.js?:1701:33)
</failure>
  </testcase>
  <testcase name="AppComponent should have as title 'projv1-angular'" time="0.032" classname="AppComponent">
    <failure type="">  StaticInjectorError(Platform: core)[HttpClient]: 
    NullInjectorError: No provider for HttpClient!
Error: StaticInjectorError(DynamicTestModule)[HttpClient]: 
    at NullInjector.get (./node_modules/@angular/core/fesm5/core.js?:1360:19)
    at resolveToken (./node_modules/@angular/core/fesm5/core.js?:1598:24)
    at tryResolveToken (./node_modules/@angular/core/fesm5/core.js?:1542:16)
    at StaticInjector.get (./node_modules/@angular/core/fesm5/core.js?:1439:20)
    at resolveToken (./node_modules/@angular/core/fesm5/core.js?:1598:24)
    at tryResolveToken (./node_modules/@angular/core/fesm5/core.js?:1542:16)
    at StaticInjector.get (./node_modules/@angular/core/fesm5/core.js?:1439:20)
    at resolveNgModuleDep (./node_modules/@angular/core/fesm5/core.js?:8674:29)
    at NgModuleRef_.get (./node_modules/@angular/core/fesm5/core.js?:9362:16)
    at inject (./node_modules/@angular/core/fesm5/core.js?:1701:33)
</failure>
  </testcase>
  <testcase name="ContactComponent should create" time="0.017" classname="ContactComponent"/>
  <testcase name="DetailsComponent should create" time="0.043" classname="DetailsComponent"/>
  <testcase name="HomePageComponent should create" time="0.178" classname="HomePageComponent"/>
  <testcase name="LoginComponent should create" time="0.061" classname="LoginComponent"/>
  <testcase name="NavbarComponent should create" time="0.033" classname="NavbarComponent">
    <failure type="">Error: StaticInjectorError(DynamicTestModule)[AuthenticationService -&gt; HttpClient]: 
  StaticInjectorError(Platform: core)[AuthenticationService -&gt; HttpClient]: 
    NullInjectorError: No provider for HttpClient!
    at NullInjector.get (./node_modules/@angular/core/fesm5/core.js?:1360:19)
    at resolveToken (./node_modules/@angular/core/fesm5/core.js?:1598:24)
    at tryResolveToken (./node_modules/@angular/core/fesm5/core.js?:1542:16)
    at StaticInjector.get (./node_modules/@angular/core/fesm5/core.js?:1439:20)
    at resolveToken (./node_modules/@angular/core/fesm5/core.js?:1598:24)
    at tryResolveToken (./node_modules/@angular/core/fesm5/core.js?:1542:16)
    at StaticInjector.get (./node_modules/@angular/core/fesm5/core.js?:1439:20)
    at resolveNgModuleDep (./node_modules/@angular/core/fesm5/core.js?:8674:29)
    at NgModuleRef_.get (./node_modules/@angular/core/fesm5/core.js?:9362:16)
    at inject (./node_modules/@angular/core/fesm5/core.js?:1701:33)
</failure>
    <failure type="">Expected undefined to be truthy.
    at UserContext.eval (./src/app/navbar/navbar.component.spec.ts?:26:27)
    at ZoneDelegate.invoke (./node_modules/zone.js/dist/zone.js?:387:26)
    at ProxyZoneSpec.onInvoke (./node_modules/zone.js/dist/zone-testing.js?:287:39)
    at ZoneDelegate.invoke (./node_modules/zone.js/dist/zone.js?:386:32)
</failure>
  </testcase>
  <testcase name="AddScheduleModalComponent should create" time="0.103" classname="AddScheduleModalComponent"/>
  <testcase name="SchedulerComponent should create" time="0.323" classname="SchedulerComponent"/>
  <testcase name="SidebarComponent should create" time="0.017" classname="SidebarComponent"/>
  <system-out>
    <![CDATA[
]]>
  </system-out>
  <system-err/>
</testsuite>