<?xml version="1.0"?>
<testsuite name="Chrome 70.0.3538 (Mac OS X 10.12.6)" package="" timestamp="2018-11-15T05:33:05" id="0" hostname="bbaiju-a02.vmware.com" tests="13" errors="0" failures="0" time="0.419">
  <properties>
    <property name="browser.fullName" value="Mozilla/5.0 (Macintosh; Intel Mac OS X 10_12_6) AppleWebKit/537.36 (KHTML, like Gecko) Chrome/70.0.3538.102 Safari/537.36"/>
  </properties>
  <testcase name="AuthGuard should ..." time="0.061" classname="AuthGuard"/>
  <testcase name="AuthenticationService should be created" time="0.01" classname="AuthenticationService"/>
  <testcase name="ClassDataService should be created" time="0.011" classname="ClassDataService"/>
  <testcase name="AppComponent should create the app" time="0.072" classname="AppComponent"/>
  <testcase name="AppComponent should have as title 'projv1-angular'" time="0.037" classname="AppComponent"/>
  <testcase name="DataService should be created" time="0.01" classname="DataService"/>
  <testcase name="DetailsComponent should create" time="0.038" classname="DetailsComponent"/>
  <testcase name="HomePageComponent should create" time="0.027" classname="HomePageComponent"/>
  <testcase name="LoginComponent should create" time="0.063" classname="LoginComponent"/>
  <testcase name="NavbarComponent should create" time="0.033" classname="NavbarComponent"/>
  <testcase name="PostsComponent should create" time="0.013" classname="PostsComponent"/>
  <testcase name="SidebarComponent should create" time="0.015" classname="SidebarComponent"/>
  <testcase name="UsersComponent should create" time="0.029" classname="UsersComponent"/>
  <system-out>
    <![CDATA[Chrome 70.0.3538 (Mac OS X 10.12.6) LOG: HttpErrorResponse{headers: HttpHeaders{normalizedNames: Map{}, lazyUpdate: null, headers: Map{}}, status: 0, statusText: 'Unknown Error', url: null, ok: false, name: 'HttpErrorResponse', message: 'Http failure response for (unknown url): 0 Unknown Error', error: ProgressEvent{isTrusted: true}}

]]>
  </system-out>
  <system-err/>
</testsuite>